This is pdfTeX, Version 3.141592653-2.6-1.40.22 (TeX Live 2022/dev/Debian) (preloaded format=pdflatex 2024.8.6)  8 MAR 2025 19:46
entering extended mode
 restricted \write18 enabled.
 %&-line parsing enabled.
**EE24BTECH11057.tex
(./EE24BTECH11057.tex
LaTeX2e <2021-11-15> patch level 1
L3 programming layer <2022-01-21>
(/usr/share/texlive/texmf-dist/tex/latex/base/article.cls
Document Class: article 2021/10/04 v1.4n Standard LaTeX document class
(/usr/share/texlive/texmf-dist/tex/latex/base/size10.clo
File: size10.clo 2021/10/04 v1.4n Standard LaTeX file (size option)
)
\c@part=\count185
\c@section=\count186
\c@subsection=\count187
\c@subsubsection=\count188
\c@paragraph=\count189
\c@subparagraph=\count190
\c@figure=\count191
\c@table=\count192
\abovecaptionskip=\skip47
\belowcaptionskip=\skip48
\bibindent=\dimen138
)
(/usr/share/texlive/texmf-dist/tex/latex/graphics/graphicx.sty
Package: graphicx 2021/09/16 v1.2d Enhanced LaTeX Graphics (DPC,SPQR)

(/usr/share/texlive/texmf-dist/tex/latex/graphics/keyval.sty
Package: keyval 2014/10/28 v1.15 key=value parser (DPC)
\KV@toks@=\toks16
)
(/usr/share/texlive/texmf-dist/tex/latex/graphics/graphics.sty
Package: graphics 2021/03/04 v1.4d Standard LaTeX Graphics (DPC,SPQR)

(/usr/share/texlive/texmf-dist/tex/latex/graphics/trig.sty
Package: trig 2021/08/11 v1.11 sin cos tan (DPC)
)
(/usr/share/texlive/texmf-dist/tex/latex/graphics-cfg/graphics.cfg
File: graphics.cfg 2016/06/04 v1.11 sample graphics configuration
)
Package graphics Info: Driver file: pdftex.def on input line 107.

(/usr/share/texlive/texmf-dist/tex/latex/graphics-def/pdftex.def
File: pdftex.def 2020/10/05 v1.2a Graphics/color driver for pdftex
))
\Gin@req@height=\dimen139
\Gin@req@width=\dimen140
)
(/usr/share/texlive/texmf-dist/tex/latex/float/float.sty
Package: float 2001/11/08 v1.3d Float enhancements (AL)
\c@float@type=\count193
\float@exts=\toks17
\float@box=\box50
\@float@everytoks=\toks18
\@floatcapt=\box51
)
(/usr/share/texlive/texmf-dist/tex/latex/url/url.sty
\Urlmuskip=\muskip16
Package: url 2013/09/16  ver 3.4  Verb mode for urls, etc.
)
(/usr/share/texlive/texmf-dist/tex/latex/l3backend/l3backend-pdftex.def
File: l3backend-pdftex.def 2022-01-12 L3 backend support: PDF output (pdfTeX)
\l__color_backend_stack_int=\count194
\l__pdf_internal_box=\box52
)
(./EE24BTECH11057.aux)
\openout1 = `EE24BTECH11057.aux'.

LaTeX Font Info:    Checking defaults for OML/cmm/m/it on input line 9.
LaTeX Font Info:    ... okay on input line 9.
LaTeX Font Info:    Checking defaults for OMS/cmsy/m/n on input line 9.
LaTeX Font Info:    ... okay on input line 9.
LaTeX Font Info:    Checking defaults for OT1/cmr/m/n on input line 9.
LaTeX Font Info:    ... okay on input line 9.
LaTeX Font Info:    Checking defaults for T1/cmr/m/n on input line 9.
LaTeX Font Info:    ... okay on input line 9.
LaTeX Font Info:    Checking defaults for TS1/cmr/m/n on input line 9.
LaTeX Font Info:    ... okay on input line 9.
LaTeX Font Info:    Checking defaults for OMX/cmex/m/n on input line 9.
LaTeX Font Info:    ... okay on input line 9.
LaTeX Font Info:    Checking defaults for U/cmr/m/n on input line 9.
LaTeX Font Info:    ... okay on input line 9.

(/usr/share/texlive/texmf-dist/tex/context/base/mkii/supp-pdf.mkii
[Loading MPS to PDF converter (version 2006.09.02).]
\scratchcounter=\count195
\scratchdimen=\dimen141
\scratchbox=\box53
\nofMPsegments=\count196
\nofMParguments=\count197
\everyMPshowfont=\toks19
\MPscratchCnt=\count198
\MPscratchDim=\dimen142
\MPnumerator=\count199
\makeMPintoPDFobject=\count266
\everyMPtoPDFconversion=\toks20
) (/usr/share/texlive/texmf-dist/tex/latex/epstopdf-pkg/epstopdf-base.sty
Package: epstopdf-base 2020-01-24 v2.11 Base part for package epstopdf
Package epstopdf-base Info: Redefining graphics rule for `.eps' on input line 4
85.

(/usr/share/texlive/texmf-dist/tex/latex/latexconfig/epstopdf-sys.cfg
File: epstopdf-sys.cfg 2010/07/13 v1.3 Configuration of (r)epstopdf for TeX Liv
e
))
LaTeX Font Info:    External font `cmex10' loaded for size
(Font)              <12> on input line 11.
LaTeX Font Info:    External font `cmex10' loaded for size
(Font)              <8> on input line 11.
LaTeX Font Info:    External font `cmex10' loaded for size
(Font)              <6> on input line 11.
<figs/written/1.jpg, id=1, 2553.54pt x 3693.8pt>
File: figs/written/1.jpg Graphic file (type jpg)
<use figs/written/1.jpg>
Package pdftex.def Info: figs/written/1.jpg  used on input line 14.
(pdftex.def)             Requested size: 345.0pt x 499.03603pt.
<figs/written/2.jpg, id=2, 2489.3pt x 3581.38pt>
File: figs/written/2.jpg Graphic file (type jpg)
<use figs/written/2.jpg>
Package pdftex.def Info: figs/written/2.jpg  used on input line 18.
(pdftex.def)             Requested size: 345.0pt x 496.30759pt.

[1

{/var/lib/texmf/fonts/map/pdftex/updmap/pdftex.map}]
<figs/written/3.jpg, id=11, 2633.84pt x 3998.94pt>
File: figs/written/3.jpg Graphic file (type jpg)
<use figs/written/3.jpg>
Package pdftex.def Info: figs/written/3.jpg  used on input line 22.
(pdftex.def)             Requested size: 345.0pt x 523.78566pt.
 [2 <./figs/written/1.jpg>]
<figs/written/4.jpg, id=15, 2778.38pt x 3918.64pt>
File: figs/written/4.jpg Graphic file (type jpg)
<use figs/written/4.jpg>
Package pdftex.def Info: figs/written/4.jpg  used on input line 26.
(pdftex.def)             Requested size: 345.0pt x 486.54016pt.
 [3 <./figs/written/2.jpg>]
<figs/written/5.jpg, id=19, 2794.44pt x 4047.12pt>
File: figs/written/5.jpg Graphic file (type jpg)
<use figs/written/5.jpg>
Package pdftex.def Info: figs/written/5.jpg  used on input line 30.
(pdftex.def)             Requested size: 345.0pt x 499.65161pt.
 [4 <./figs/written/3.jpg>]
<figs/written/6.jpg, id=23, 2906.86pt x 4111.36pt>
File: figs/written/6.jpg Graphic file (type jpg)
<use figs/written/6.jpg>
Package pdftex.def Info: figs/written/6.jpg  used on input line 34.
(pdftex.def)             Requested size: 345.0pt x 487.94678pt.
 [5 <./figs/written/4.jpg>]
<figs/5a.png, id=27, 578.16pt x 361.35pt>
File: figs/5a.png Graphic file (type png)
<use figs/5a.png>
Package pdftex.def Info: figs/5a.png  used on input line 38.
(pdftex.def)             Requested size: 345.0pt x 215.6207pt.
 [6 <./figs/written/5.jpg>]
<figs/5b.png, id=32, 578.16pt x 361.35pt>
File: figs/5b.png Graphic file (type png)
<use figs/5b.png>
Package pdftex.def Info: figs/5b.png  used on input line 42.
(pdftex.def)             Requested size: 345.0pt x 215.6207pt.
 [7 <./figs/written/6.jpg>]
<figs/written/7.jpg, id=37, 2844.6275pt x 4175.6pt>
File: figs/written/7.jpg Graphic file (type jpg)
<use figs/written/7.jpg>
Package pdftex.def Info: figs/written/7.jpg  used on input line 46.
(pdftex.def)             Requested size: 345.0pt x 506.4024pt.
<figs/6a.png, id=38, 433.62pt x 433.62pt>
File: figs/6a.png Graphic file (type png)
<use figs/6a.png>
Package pdftex.def Info: figs/6a.png  used on input line 50.
(pdftex.def)             Requested size: 345.0pt x 345.01738pt.
 [8 <./figs/5a.png> <./figs/5b.png>]
<figs/6b.png, id=44, 578.16pt x 433.62pt>
File: figs/6b.png Graphic file (type png)
<use figs/6b.png>
Package pdftex.def Info: figs/6b.png  used on input line 54.
(pdftex.def)             Requested size: 345.0pt x 258.74484pt.
 [9 <./figs/written/7.jpg>]
<figs/written/8.jpg, id=48, 2906.86pt x 3886.52pt>
File: figs/written/8.jpg Graphic file (type jpg)
<use figs/written/8.jpg>
Package pdftex.def Info: figs/written/8.jpg  used on input line 58.
(pdftex.def)             Requested size: 345.0pt x 461.26219pt.
 [10 <./figs/6a.png>]
<figs/written/9.jpg, id=53, 2826.56pt x 4063.18pt>
File: figs/written/9.jpg Graphic file (type jpg)
<use figs/written/9.jpg>
Package pdftex.def Info: figs/written/9.jpg  used on input line 62.
(pdftex.def)             Requested size: 345.0pt x 495.93044pt.
 [11 <./figs/6b.png>] [12 <./figs/written/8.jpg>]
LaTeX Font Info:    External font `cmex10' loaded for size
(Font)              <7> on input line 65.
LaTeX Font Info:    External font `cmex10' loaded for size
(Font)              <5> on input line 65.

Overfull \hbox (38.24666pt too wide) in paragraph at lines 64--66
\OT1/cmtt/m/n/10 https : / / github . com / ArnavYadnopavit / Electromagnetics 
/ tree / main / Assignment1$ 
 []

[13 <./figs/written/9.jpg>] (./EE24BTECH11057.aux) ) 
Here is how much of TeX's memory you used:
 1530 strings out of 478287
 24916 string characters out of 5849290
 312033 words of memory out of 5000000
 19740 multiletter control sequences out of 15000+600000
 472462 words of font info for 39 fonts, out of 8000000 for 9000
 1141 hyphenation exceptions out of 8191
 55i,6n,62p,209b,230s stack positions out of 5000i,500n,10000p,200000b,80000s
</usr/share/texlive/texmf-d
ist/fonts/type1/public/amsfonts/cm/cmr10.pfb></usr/share/texlive/texmf-dist/fon
ts/type1/public/amsfonts/cm/cmr12.pfb></usr/share/texlive/texmf-dist/fonts/type
1/public/amsfonts/cm/cmr17.pfb></usr/share/texlive/texmf-dist/fonts/type1/publi
c/amsfonts/cm/cmtt10.pfb>
Output written on EE24BTECH11057.pdf (13 pages, 7199691 bytes).
PDF statistics:
 85 PDF objects out of 1000 (max. 8388607)
 44 compressed objects within 1 object stream
 0 named destinations out of 1000 (max. 500000)
 66 words of extra memory for PDF output out of 10000 (max. 10000000)

